Compile Error
[1][18582963122][demo1][h][A].c:3:1: error: unknown type name 'using'
 using namespace std;
 ^~~~~
[1][18582963122][demo1][h][A].c:3:17: error: expected '=', ',', ';', 'asm' or '__attribute__' before 'std'
 using namespace std;
                 ^~~
